<?xml version="1.0" encoding="UTF-8"?>
<!-- Generated by org.testng.reporters.JUnitReportReporter -->
<testsuite hostname="DESKTOP-PSE4TJ8" failures="0" tests="1" name="com.poly.CustomerControllerTest" time="0.238" errors="1" timestamp="2021-05-15T16:46:56 ICT" skipped="0">
  <testcase classname="com.poly.CustomerControllerTest" name="successUpdateUserTest" time="0.238">
    <error message="Unexpected end-of-input: expected close marker for Object (start marker at [Source: (String)&quot;{&quot;id&quot;:&quot;2&quot;,&quot;firstName&quot;:&quot;Phong&quot;,&quot;lastName&quot;:&quot;Nguyễn&quot;,&quot;birthday&quot;:&quot;1999-09-13&quot;,&quot;gender&quot;:&quot;1&quot;,&quot;email&quot;:&quot;phongcnc@gmail.com&quot;,&quot;phone&quot;:&quot;0978665412&quot;,&quot;address&quot;:&quot;108/7ANguyễnBỉnhKhiêm&quot;&quot;; line: 1, column: 1])
 at [Source: (String)&quot;{&quot;id&quot;:&quot;2&quot;,&quot;firstName&quot;:&quot;Phong&quot;,&quot;lastName&quot;:&quot;Nguyễn&quot;,&quot;birthday&quot;:&quot;1999-09-13&quot;,&quot;gender&quot;:&quot;1&quot;,&quot;email&quot;:&quot;phongcnc@gmail.com&quot;,&quot;phone&quot;:&quot;0978665412&quot;,&quot;address&quot;:&quot;108/7ANguyễnBỉnhKhiêm&quot;&quot;; line: 1, column: 171]" type="com.fasterxml.jackson.core.io.JsonEOFException">
      <![CDATA[com.fasterxml.jackson.core.io.JsonEOFException: Unexpected end-of-input: expected close marker for Object (start marker at [Source: (String)"{"id":"2","firstName":"Phong","lastName":"Nguyễn","birthday":"1999-09-13","gender":"1","email":"phongcnc@gmail.com","phone":"0978665412","address":"108/7ANguyễnBỉnhKhiêm""; line: 1, column: 1])
 at [Source: (String)"{"id":"2","firstName":"Phong","lastName":"Nguyễn","birthday":"1999-09-13","gender":"1","email":"phongcnc@gmail.com","phone":"0978665412","address":"108/7ANguyễnBỉnhKhiêm""; line: 1, column: 171]
at com.fasterxml.jackson.core.base.ParserMinimalBase._reportInvalidEOF(ParserMinimalBase.java:659)
at com.fasterxml.jackson.core.base.ParserBase._handleEOF(ParserBase.java:486)
at com.fasterxml.jackson.core.base.ParserBase._eofAsNextChar(ParserBase.java:498)
at com.fasterxml.jackson.core.json.ReaderBasedJsonParser._skipWSOrEnd(ReaderBasedJsonParser.java:2385)
at com.fasterxml.jackson.core.json.ReaderBasedJsonParser.nextFieldName(ReaderBasedJsonParser.java:909)
at com.fasterxml.jackson.databind.deser.BeanDeserializer.deserializeFromObject(BeanDeserializer.java:378)
at com.fasterxml.jackson.databind.deser.BeanDeserializer.deserialize(BeanDeserializer.java:164)
at com.fasterxml.jackson.databind.ObjectMapper._readMapAndClose(ObjectMapper.java:4526)
at com.fasterxml.jackson.databind.ObjectMapper.readValue(ObjectMapper.java:3468)
at com.fasterxml.jackson.databind.ObjectMapper.readValue(ObjectMapper.java:3436)
at com.poly.CustomerControllerTest.successUpdateUserTest(CustomerControllerTest.java:168)
at java.base/jdk.internal.reflect.NativeMethodAccessorImpl.invoke0(Native Method)
at java.base/jdk.internal.reflect.NativeMethodAccessorImpl.invoke(NativeMethodAccessorImpl.java:62)
at java.base/jdk.internal.reflect.DelegatingMethodAccessorImpl.invoke(DelegatingMethodAccessorImpl.java:43)
at java.base/java.lang.reflect.Method.invoke(Method.java:566)
at org.testng.internal.MethodInvocationHelper.invokeMethod(MethodInvocationHelper.java:133)
at org.testng.internal.MethodInvocationHelper$1.runTestMethod(MethodInvocationHelper.java:239)
at org.springframework.test.context.testng.AbstractTestNGSpringContextTests.run(AbstractTestNGSpringContextTests.java:181)
at org.testng.internal.MethodInvocationHelper.invokeHookable(MethodInvocationHelper.java:253)
at org.testng.internal.TestInvoker.invokeMethod(TestInvoker.java:594)
at org.testng.internal.TestInvoker.invokeTestMethod(TestInvoker.java:173)
at org.testng.internal.MethodRunner.runInSequence(MethodRunner.java:46)
at org.testng.internal.TestInvoker$MethodInvocationAgent.invoke(TestInvoker.java:824)
at org.testng.internal.TestInvoker.invokeTestMethods(TestInvoker.java:146)
at org.testng.internal.TestMethodWorker.invokeTestMethods(TestMethodWorker.java:146)
at org.testng.internal.TestMethodWorker.run(TestMethodWorker.java:128)
at java.base/java.util.ArrayList.forEach(ArrayList.java:1541)
at org.testng.TestRunner.privateRun(TestRunner.java:794)
at org.testng.TestRunner.run(TestRunner.java:596)
at org.testng.SuiteRunner.runTest(SuiteRunner.java:377)
at org.testng.SuiteRunner.runSequentially(SuiteRunner.java:371)
at org.testng.SuiteRunner.privateRun(SuiteRunner.java:332)
at org.testng.SuiteRunner.run(SuiteRunner.java:276)
at org.testng.SuiteRunnerWorker.runSuite(SuiteRunnerWorker.java:53)
at org.testng.SuiteRunnerWorker.run(SuiteRunnerWorker.java:96)
at org.testng.TestNG.runSuitesSequentially(TestNG.java:1212)
at org.testng.TestNG.runSuitesLocally(TestNG.java:1134)
at org.testng.TestNG.runSuites(TestNG.java:1063)
at org.testng.TestNG.run(TestNG.java:1031)
at org.testng.remote.AbstractRemoteTestNG.run(AbstractRemoteTestNG.java:115)
at org.testng.remote.RemoteTestNG.initAndRun(RemoteTestNG.java:251)
at org.testng.remote.RemoteTestNG.main(RemoteTestNG.java:77)
]]>
    </error>
  </testcase> <!-- successUpdateUserTest -->
  <system-out/>
</testsuite> <!-- com.poly.CustomerControllerTest -->
